info it worked if it ends with ok
verbose cli [ 'C:\\Program Files (x86)\\nodejs\\\\node.exe',
verbose cli   'C:\\Program Files (x86)\\nodejs\\node_modules\\npm\\bin\\npm-cli.js',
verbose cli   'install',
verbose cli   '-d' ]
info using npm@1.1.4
info using node@v0.6.12
verbose C:\Program Files (x86)\nodejs\\node.exe node symlink
verbose config file C:\Users\maa\.npmrc
verbose config file C:\Program Files (x86)\nodejs\etc\npmrc
verbose config file C:\Program Files (x86)\nodejs\node_modules\npm\npmrc
verbose mkdir done: C:\Users\maa\AppData\Roaming\npm 755
verbose mkdir done: c:\Users\maa\Dropbox\aaltowebapps\gasomob 755
ERR! Couldn't read dependencies.
ERR! Error: ENOENT, no such file or directory 'c:\Users\maa\Dropbox\aaltowebapps\gasomob\package.json'
ERR! You may report this log at:
ERR!     <http://github.com/isaacs/npm/issues>
ERR! or email it to:
ERR!     <npm-@googlegroups.com>
ERR! 
ERR! System Windows_NT 6.1.7601
ERR! command "C:\\Program Files (x86)\\nodejs\\\\node.exe" "C:\\Program Files (x86)\\nodejs\\node_modules\\npm\\bin\\npm-cli.js" "install" "-d"
ERR! cwd c:\Users\maa\Dropbox\aaltowebapps\gasomob
ERR! node -v v0.6.12
ERR! npm -v 1.1.4
ERR! path c:\Users\maa\Dropbox\aaltowebapps\gasomob\package.json
ERR! code ENOENT
ERR! message ENOENT, no such file or directory 'c:\Users\maa\Dropbox\aaltowebapps\gasomob\package.json'
ERR! errno {}
verbose exit [ 1, true ]
